<?xml version="1.0" encoding="UTF-8"?>
<!-- Generated by org.testng.reporters.JUnitReportReporter -->
<testsuite hostname="DESKTOP-RQ7104O" failures="0" tests="1" name="Luma_Testcases.TC_01_Luma_Registration" time="5.261" errors="0" timestamp="2024-09-20T10:23:18 IST" skipped="0">
  <testcase classname="Luma_Testcases.TC_01_Luma_Registration" name="LumaRegistration" time="5.261"/>
</testsuite> <!-- Luma_Testcases.TC_01_Luma_Registration -->
